{
  "C:\\rs_school\\RS-React-App-2025Q3\\rs-react-app\\commitlint.config.js": {
    "path": "C:\\rs_school\\RS-React-App-2025Q3\\rs-react-app\\commitlint.config.js",
    "all": true,
    "statementMap": {
      "0": { "start": { "line": 1, "column": 0 }, "end": { "line": 1, "column": 16 } },
      "1": { "start": { "line": 2, "column": 0 }, "end": { "line": 2, "column": 47 } },
      "2": { "start": { "line": 3, "column": 0 }, "end": { "line": 3, "column": 10 } },
      "3": { "start": { "line": 4, "column": 0 }, "end": { "line": 4, "column": 18 } },
      "4": { "start": { "line": 5, "column": 0 }, "end": { "line": 5, "column": 8 } },
      "5": { "start": { "line": 6, "column": 0 }, "end": { "line": 6, "column": 15 } },
      "6": { "start": { "line": 7, "column": 0 }, "end": { "line": 7, "column": 78 } },
      "7": { "start": { "line": 8, "column": 0 }, "end": { "line": 8, "column": 6 } },
      "8": { "start": { "line": 9, "column": 0 }, "end": { "line": 9, "column": 44 } },
      "9": { "start": { "line": 10, "column": 0 }, "end": { "line": 10, "column": 4 } },
      "10": { "start": { "line": 11, "column": 0 }, "end": { "line": 11, "column": 2 } }
    },
    "s": {
      "0": 0,
      "1": 0,
      "2": 0,
      "3": 0,
      "4": 0,
      "5": 0,
      "6": 0,
      "7": 0,
      "8": 0,
      "9": 0,
      "10": 0
    },
    "branchMap": {
      "0": {
        "type": "branch",
        "line": 1,
        "loc": { "start": { "line": 1, "column": 268 }, "end": { "line": 11, "column": 2 } },
        "locations": [{ "start": { "line": 1, "column": 268 }, "end": { "line": 11, "column": 2 } }]
      }
    },
    "b": { "0": [0] },
    "fnMap": {
      "0": {
        "name": "(empty-report)",
        "decl": { "start": { "line": 1, "column": 268 }, "end": { "line": 11, "column": 2 } },
        "loc": { "start": { "line": 1, "column": 268 }, "end": { "line": 11, "column": 2 } },
        "line": 1
      }
    },
    "f": { "0": 0 }
  },
  "C:\\rs_school\\RS-React-App-2025Q3\\rs-react-app\\vitest-setup.ts": {
    "path": "C:\\rs_school\\RS-React-App-2025Q3\\rs-react-app\\vitest-setup.ts",
    "all": false,
    "statementMap": {
      "0": { "start": { "line": 1, "column": 0 }, "end": { "line": 1, "column": 42 } },
      "1": { "start": { "line": 2, "column": 0 }, "end": { "line": 2, "column": 49 } },
      "2": { "start": { "line": 3, "column": 0 }, "end": { "line": 3, "column": 35 } },
      "4": { "start": { "line": 5, "column": 0 }, "end": { "line": 5, "column": 17 } },
      "5": { "start": { "line": 6, "column": 0 }, "end": { "line": 6, "column": 12 } },
      "6": { "start": { "line": 7, "column": 0 }, "end": { "line": 7, "column": 3 } }
    },
    "s": { "0": 1, "1": 1, "2": 1, "4": 1, "5": 1, "6": 1 },
    "branchMap": {
      "0": {
        "type": "branch",
        "line": 5,
        "loc": { "start": { "line": 5, "column": 10 }, "end": { "line": 7, "column": 3 } },
        "locations": [{ "start": { "line": 5, "column": 10 }, "end": { "line": 7, "column": 3 } }]
      }
    },
    "b": { "0": [1] },
    "fnMap": {},
    "f": {}
  },
  "C:\\rs_school\\RS-React-App-2025Q3\\rs-react-app\\src\\App.tsx": {
    "path": "C:\\rs_school\\RS-React-App-2025Q3\\rs-react-app\\src\\App.tsx",
    "all": true,
    "statementMap": {
      "0": { "start": { "line": 1, "column": 0 }, "end": { "line": 1, "column": 34 } },
      "2": { "start": { "line": 3, "column": 0 }, "end": { "line": 3, "column": 46 } },
      "3": { "start": { "line": 4, "column": 0 }, "end": { "line": 4, "column": 34 } },
      "5": { "start": { "line": 6, "column": 0 }, "end": { "line": 6, "column": 29 } },
      "6": { "start": { "line": 7, "column": 0 }, "end": { "line": 7, "column": 12 } },
      "7": { "start": { "line": 8, "column": 0 }, "end": { "line": 8, "column": 12 } },
      "8": { "start": { "line": 9, "column": 0 }, "end": { "line": 9, "column": 10 } },
      "9": { "start": { "line": 10, "column": 0 }, "end": { "line": 10, "column": 22 } },
      "10": { "start": { "line": 11, "column": 0 }, "end": { "line": 11, "column": 82 } },
      "11": { "start": { "line": 12, "column": 0 }, "end": { "line": 12, "column": 22 } },
      "12": { "start": { "line": 13, "column": 0 }, "end": { "line": 13, "column": 10 } },
      "14": { "start": { "line": 15, "column": 0 }, "end": { "line": 15, "column": 16 } },
      "15": { "start": { "line": 16, "column": 0 }, "end": { "line": 16, "column": 12 } },
      "17": { "start": { "line": 18, "column": 0 }, "end": { "line": 18, "column": 3 } },
      "18": { "start": { "line": 19, "column": 0 }, "end": { "line": 19, "column": 1 } },
      "20": { "start": { "line": 21, "column": 0 }, "end": { "line": 21, "column": 19 } }
    },
    "s": {
      "0": 0,
      "2": 0,
      "3": 0,
      "5": 0,
      "6": 0,
      "7": 0,
      "8": 0,
      "9": 0,
      "10": 0,
      "11": 0,
      "12": 0,
      "14": 0,
      "15": 0,
      "17": 0,
      "18": 0,
      "20": 0
    },
    "branchMap": {
      "0": {
        "type": "branch",
        "line": 1,
        "loc": { "start": { "line": 1, "column": 397 }, "end": { "line": 21, "column": 19 } },
        "locations": [
          { "start": { "line": 1, "column": 397 }, "end": { "line": 21, "column": 19 } }
        ]
      }
    },
    "b": { "0": [0] },
    "fnMap": {
      "0": {
        "name": "(empty-report)",
        "decl": { "start": { "line": 1, "column": 397 }, "end": { "line": 21, "column": 19 } },
        "loc": { "start": { "line": 1, "column": 397 }, "end": { "line": 21, "column": 19 } },
        "line": 1
      }
    },
    "f": { "0": 0 }
  },
  "C:\\rs_school\\RS-React-App-2025Q3\\rs-react-app\\src\\main.tsx": {
    "path": "C:\\rs_school\\RS-React-App-2025Q3\\rs-react-app\\src\\main.tsx",
    "all": true,
    "statementMap": {
      "0": { "start": { "line": 1, "column": 0 }, "end": { "line": 1, "column": 35 } },
      "1": { "start": { "line": 2, "column": 0 }, "end": { "line": 2, "column": 46 } },
      "3": { "start": { "line": 4, "column": 0 }, "end": { "line": 4, "column": 27 } },
      "4": { "start": { "line": 5, "column": 0 }, "end": { "line": 5, "column": 28 } },
      "5": { "start": { "line": 6, "column": 0 }, "end": { "line": 6, "column": 82 } },
      "6": { "start": { "line": 7, "column": 0 }, "end": { "line": 7, "column": 72 } },
      "8": { "start": { "line": 9, "column": 0 }, "end": { "line": 9, "column": 52 } },
      "9": { "start": { "line": 10, "column": 0 }, "end": { "line": 10, "column": 19 } },
      "10": { "start": { "line": 11, "column": 0 }, "end": { "line": 11, "column": 44 } },
      "11": { "start": { "line": 12, "column": 0 }, "end": { "line": 12, "column": 1 } },
      "13": { "start": { "line": 14, "column": 0 }, "end": { "line": 14, "column": 31 } },
      "14": { "start": { "line": 15, "column": 0 }, "end": { "line": 15, "column": 14 } },
      "15": { "start": { "line": 16, "column": 0 }, "end": { "line": 16, "column": 43 } },
      "16": { "start": { "line": 17, "column": 0 }, "end": { "line": 17, "column": 13 } },
      "17": { "start": { "line": 18, "column": 0 }, "end": { "line": 18, "column": 20 } },
      "18": { "start": { "line": 19, "column": 0 }, "end": { "line": 19, "column": 15 } },
      "19": { "start": { "line": 20, "column": 0 }, "end": { "line": 20, "column": 2 } }
    },
    "s": {
      "0": 0,
      "1": 0,
      "3": 0,
      "4": 0,
      "5": 0,
      "6": 0,
      "8": 0,
      "9": 0,
      "10": 0,
      "11": 0,
      "13": 0,
      "14": 0,
      "15": 0,
      "16": 0,
      "17": 0,
      "18": 0,
      "19": 0
    },
    "branchMap": {
      "0": {
        "type": "branch",
        "line": 1,
        "loc": { "start": { "line": 1, "column": 495 }, "end": { "line": 20, "column": -338 } },
        "locations": [
          { "start": { "line": 1, "column": 495 }, "end": { "line": 20, "column": -338 } }
        ]
      }
    },
    "b": { "0": [0] },
    "fnMap": {
      "0": {
        "name": "(empty-report)",
        "decl": { "start": { "line": 1, "column": 495 }, "end": { "line": 20, "column": -338 } },
        "loc": { "start": { "line": 1, "column": 495 }, "end": { "line": 20, "column": -338 } },
        "line": 1
      }
    },
    "f": { "0": 0 }
  },
  "C:\\rs_school\\RS-React-App-2025Q3\\rs-react-app\\src\\config\\api.ts": {
    "path": "C:\\rs_school\\RS-React-App-2025Q3\\rs-react-app\\src\\config\\api.ts",
    "all": true,
    "statementMap": {
      "0": { "start": { "line": 1, "column": 0 }, "end": { "line": 1, "column": 72 } }
    },
    "s": { "0": 0 },
    "branchMap": {
      "0": {
        "type": "branch",
        "line": 1,
        "loc": { "start": { "line": 1, "column": 72 }, "end": { "line": 1, "column": 72 } },
        "locations": [{ "start": { "line": 1, "column": 72 }, "end": { "line": 1, "column": 72 } }]
      }
    },
    "b": { "0": [0] },
    "fnMap": {
      "0": {
        "name": "(empty-report)",
        "decl": { "start": { "line": 1, "column": 72 }, "end": { "line": 1, "column": 72 } },
        "loc": { "start": { "line": 1, "column": 72 }, "end": { "line": 1, "column": 72 } },
        "line": 1
      }
    },
    "f": { "0": 0 }
  },
  "C:\\rs_school\\RS-React-App-2025Q3\\rs-react-app\\src\\config\\constants.ts": {
    "path": "C:\\rs_school\\RS-React-App-2025Q3\\rs-react-app\\src\\config\\constants.ts",
    "all": true,
    "statementMap": {
      "0": { "start": { "line": 1, "column": 0 }, "end": { "line": 1, "column": 28 } },
      "1": { "start": { "line": 2, "column": 0 }, "end": { "line": 2, "column": 10 } },
      "2": { "start": { "line": 3, "column": 0 }, "end": { "line": 3, "column": 10 } },
      "3": { "start": { "line": 4, "column": 0 }, "end": { "line": 4, "column": 11 } },
      "4": { "start": { "line": 5, "column": 0 }, "end": { "line": 5, "column": 2 } },
      "6": { "start": { "line": 7, "column": 0 }, "end": { "line": 7, "column": 31 } },
      "7": { "start": { "line": 8, "column": 0 }, "end": { "line": 8, "column": 8 } },
      "8": { "start": { "line": 9, "column": 0 }, "end": { "line": 9, "column": 8 } },
      "9": { "start": { "line": 10, "column": 0 }, "end": { "line": 10, "column": 8 } },
      "10": { "start": { "line": 11, "column": 0 }, "end": { "line": 11, "column": 2 } }
    },
    "s": { "0": 0, "1": 0, "2": 0, "3": 0, "4": 0, "6": 0, "7": 0, "8": 0, "9": 0, "10": 0 },
    "branchMap": {
      "0": {
        "type": "branch",
        "line": 1,
        "loc": { "start": { "line": 1, "column": 138 }, "end": { "line": 11, "column": 2 } },
        "locations": [{ "start": { "line": 1, "column": 138 }, "end": { "line": 11, "column": 2 } }]
      }
    },
    "b": { "0": [0] },
    "fnMap": {
      "0": {
        "name": "(empty-report)",
        "decl": { "start": { "line": 1, "column": 138 }, "end": { "line": 11, "column": 2 } },
        "loc": { "start": { "line": 1, "column": 138 }, "end": { "line": 11, "column": 2 } },
        "line": 1
      }
    },
    "f": { "0": 0 }
  },
  "C:\\rs_school\\RS-React-App-2025Q3\\rs-react-app\\src\\features\\api\\apiError.ts": {
    "path": "C:\\rs_school\\RS-React-App-2025Q3\\rs-react-app\\src\\features\\api\\apiError.ts",
    "all": true,
    "statementMap": {
      "2": { "start": { "line": 3, "column": 0 }, "end": { "line": 3, "column": 62 } },
      "3": { "start": { "line": 4, "column": 0 }, "end": { "line": 4, "column": 17 } },
      "5": { "start": { "line": 6, "column": 0 }, "end": { "line": 6, "column": 48 } },
      "6": { "start": { "line": 7, "column": 0 }, "end": { "line": 7, "column": 19 } },
      "7": { "start": { "line": 8, "column": 0 }, "end": { "line": 8, "column": 27 } },
      "8": { "start": { "line": 9, "column": 0 }, "end": { "line": 9, "column": 25 } },
      "9": { "start": { "line": 10, "column": 0 }, "end": { "line": 10, "column": 3 } },
      "10": { "start": { "line": 11, "column": 0 }, "end": { "line": 11, "column": 1 } },
      "12": { "start": { "line": 13, "column": 0 }, "end": { "line": 13, "column": 71 } },
      "13": { "start": { "line": 14, "column": 0 }, "end": { "line": 14, "column": 43 } },
      "14": { "start": { "line": 15, "column": 0 }, "end": { "line": 15, "column": 1 } }
    },
    "s": {
      "2": 0,
      "3": 0,
      "5": 0,
      "6": 0,
      "7": 0,
      "8": 0,
      "9": 0,
      "10": 0,
      "12": 0,
      "13": 0,
      "14": 0
    },
    "branchMap": {
      "0": {
        "type": "branch",
        "line": 1,
        "loc": { "start": { "line": 1, "column": 403 }, "end": { "line": 15, "column": 1 } },
        "locations": [{ "start": { "line": 1, "column": 403 }, "end": { "line": 15, "column": 1 } }]
      }
    },
    "b": { "0": [1] },
    "fnMap": {
      "0": {
        "name": "(empty-report)",
        "decl": { "start": { "line": 1, "column": 403 }, "end": { "line": 15, "column": 1 } },
        "loc": { "start": { "line": 1, "column": 403 }, "end": { "line": 15, "column": 1 } },
        "line": 1
      }
    },
    "f": { "0": 1 }
  },
  "C:\\rs_school\\RS-React-App-2025Q3\\rs-react-app\\src\\features\\api\\characterApi.ts": {
    "path": "C:\\rs_school\\RS-React-App-2025Q3\\rs-react-app\\src\\features\\api\\characterApi.ts",
    "all": true,
    "statementMap": {
      "0": { "start": { "line": 1, "column": 0 }, "end": { "line": 1, "column": 44 } },
      "3": { "start": { "line": 4, "column": 0 }, "end": { "line": 4, "column": 43 } },
      "5": { "start": { "line": 6, "column": 0 }, "end": { "line": 6, "column": 82 } },
      "6": { "start": { "line": 7, "column": 0 }, "end": { "line": 7, "column": 36 } },
      "7": { "start": { "line": 8, "column": 0 }, "end": { "line": 8, "column": 83 } },
      "9": { "start": { "line": 10, "column": 0 }, "end": { "line": 10, "column": 36 } },
      "10": { "start": { "line": 11, "column": 0 }, "end": { "line": 11, "column": 85 } },
      "12": { "start": { "line": 13, "column": 0 }, "end": { "line": 13, "column": 21 } },
      "13": { "start": { "line": 14, "column": 0 }, "end": { "line": 14, "column": 90 } },
      "14": { "start": { "line": 15, "column": 0 }, "end": { "line": 15, "column": 3 } },
      "16": { "start": { "line": 17, "column": 0 }, "end": { "line": 17, "column": 29 } },
      "17": { "start": { "line": 18, "column": 0 }, "end": { "line": 18, "column": 24 } },
      "18": { "start": { "line": 19, "column": 0 }, "end": { "line": 19, "column": 10 } },
      "19": { "start": { "line": 20, "column": 0 }, "end": { "line": 20, "column": 14 } },
      "20": { "start": { "line": 21, "column": 0 }, "end": { "line": 21, "column": 3 } },
      "21": { "start": { "line": 22, "column": 0 }, "end": { "line": 22, "column": 1 } }
    },
    "s": {
      "0": 0,
      "3": 0,
      "5": 0,
      "6": 0,
      "7": 0,
      "9": 0,
      "10": 0,
      "12": 0,
      "13": 0,
      "14": 0,
      "16": 0,
      "17": 0,
      "18": 0,
      "19": 0,
      "20": 0,
      "21": 0
    },
    "branchMap": {
      "0": {
        "type": "branch",
        "line": 1,
        "loc": { "start": { "line": 1, "column": 698 }, "end": { "line": 22, "column": 1 } },
        "locations": [{ "start": { "line": 1, "column": 698 }, "end": { "line": 22, "column": 1 } }]
      }
    },
    "b": { "0": [0] },
    "fnMap": {
      "0": {
        "name": "(empty-report)",
        "decl": { "start": { "line": 1, "column": 698 }, "end": { "line": 22, "column": 1 } },
        "loc": { "start": { "line": 1, "column": 698 }, "end": { "line": 22, "column": 1 } },
        "line": 1
      }
    },
    "f": { "0": 0 }
  },
  "C:\\rs_school\\RS-React-App-2025Q3\\rs-react-app\\src\\features\\components\\Main.tsx": {
    "path": "C:\\rs_school\\RS-React-App-2025Q3\\rs-react-app\\src\\features\\components\\Main.tsx",
    "all": true,
    "statementMap": {
      "0": { "start": { "line": 1, "column": 0 }, "end": { "line": 1, "column": 34 } },
      "2": { "start": { "line": 3, "column": 0 }, "end": { "line": 3, "column": 34 } },
      "4": { "start": { "line": 5, "column": 0 }, "end": { "line": 5, "column": 32 } },
      "5": { "start": { "line": 6, "column": 0 }, "end": { "line": 6, "column": 54 } },
      "6": { "start": { "line": 7, "column": 0 }, "end": { "line": 7, "column": 37 } },
      "7": { "start": { "line": 8, "column": 0 }, "end": { "line": 8, "column": 30 } },
      "8": { "start": { "line": 9, "column": 0 }, "end": { "line": 9, "column": 11 } },
      "9": { "start": { "line": 10, "column": 0 }, "end": { "line": 10, "column": 59 } },
      "10": { "start": { "line": 11, "column": 0 }, "end": { "line": 11, "column": 4 } },
      "12": { "start": { "line": 13, "column": 0 }, "end": { "line": 13, "column": 37 } },
      "13": { "start": { "line": 14, "column": 0 }, "end": { "line": 14, "column": 42 } },
      "14": { "start": { "line": 15, "column": 0 }, "end": { "line": 15, "column": 4 } },
      "16": { "start": { "line": 17, "column": 0 }, "end": { "line": 17, "column": 12 } },
      "17": { "start": { "line": 18, "column": 0 }, "end": { "line": 18, "column": 12 } },
      "18": { "start": { "line": 19, "column": 0 }, "end": { "line": 19, "column": 10 } },
      "19": { "start": { "line": 20, "column": 0 }, "end": { "line": 20, "column": 22 } },
      "20": { "start": { "line": 21, "column": 0 }, "end": { "line": 21, "column": 22 } },
      "21": { "start": { "line": 22, "column": 0 }, "end": { "line": 22, "column": 26 } },
      "22": { "start": { "line": 23, "column": 0 }, "end": { "line": 23, "column": 67 } },
      "23": { "start": { "line": 24, "column": 0 }, "end": { "line": 24, "column": 23 } },
      "24": { "start": { "line": 25, "column": 0 }, "end": { "line": 25, "column": 28 } },
      "25": { "start": { "line": 26, "column": 0 }, "end": { "line": 26, "column": 47 } },
      "26": { "start": { "line": 27, "column": 0 }, "end": { "line": 27, "column": 34 } },
      "27": { "start": { "line": 28, "column": 0 }, "end": { "line": 28, "column": 10 } },
      "29": { "start": { "line": 30, "column": 0 }, "end": { "line": 30, "column": 47 } },
      "30": { "start": { "line": 31, "column": 0 }, "end": { "line": 31, "column": 56 } },
      "31": { "start": { "line": 32, "column": 0 }, "end": { "line": 32, "column": 23 } },
      "32": { "start": { "line": 33, "column": 0 }, "end": { "line": 33, "column": 12 } },
      "34": { "start": { "line": 35, "column": 0 }, "end": { "line": 35, "column": 3 } },
      "35": { "start": { "line": 36, "column": 0 }, "end": { "line": 36, "column": 1 } },
      "37": { "start": { "line": 38, "column": 0 }, "end": { "line": 38, "column": 20 } }
    },
    "s": {
      "0": 0,
      "2": 0,
      "4": 0,
      "5": 0,
      "6": 0,
      "7": 0,
      "8": 0,
      "9": 0,
      "10": 0,
      "12": 0,
      "13": 0,
      "14": 0,
      "16": 0,
      "17": 0,
      "18": 0,
      "19": 0,
      "20": 0,
      "21": 0,
      "22": 0,
      "23": 0,
      "24": 0,
      "25": 0,
      "26": 0,
      "27": 0,
      "29": 0,
      "30": 0,
      "31": 0,
      "32": 0,
      "34": 0,
      "35": 0,
      "37": 0
    },
    "branchMap": {
      "0": {
        "type": "branch",
        "line": 1,
        "loc": { "start": { "line": 1, "column": 903 }, "end": { "line": 38, "column": 20 } },
        "locations": [
          { "start": { "line": 1, "column": 903 }, "end": { "line": 38, "column": 20 } }
        ]
      }
    },
    "b": { "0": [0] },
    "fnMap": {
      "0": {
        "name": "(empty-report)",
        "decl": { "start": { "line": 1, "column": 903 }, "end": { "line": 38, "column": 20 } },
        "loc": { "start": { "line": 1, "column": 903 }, "end": { "line": 38, "column": 20 } },
        "line": 1
      }
    },
    "f": { "0": 0 }
  },
  "C:\\rs_school\\RS-React-App-2025Q3\\rs-react-app\\src\\features\\components\\Results.tsx": {
    "path": "C:\\rs_school\\RS-React-App-2025Q3\\rs-react-app\\src\\features\\components\\Results.tsx",
    "all": true,
    "statementMap": {
      "0": { "start": { "line": 1, "column": 0 }, "end": { "line": 1, "column": 34 } },
      "2": { "start": { "line": 3, "column": 0 }, "end": { "line": 3, "column": 78 } },
      "4": { "start": { "line": 5, "column": 0 }, "end": { "line": 5, "column": 34 } },
      "6": { "start": { "line": 7, "column": 0 }, "end": { "line": 7, "column": 56 } },
      "7": { "start": { "line": 8, "column": 0 }, "end": { "line": 8, "column": 71 } },
      "9": { "start": { "line": 10, "column": 0 }, "end": { "line": 10, "column": 47 } },
      "10": { "start": { "line": 11, "column": 0 }, "end": { "line": 11, "column": 12 } },
      "11": { "start": { "line": 12, "column": 0 }, "end": { "line": 12, "column": 39 } },
      "13": { "start": { "line": 14, "column": 0 }, "end": { "line": 14, "column": 12 } },
      "14": { "start": { "line": 15, "column": 0 }, "end": { "line": 15, "column": 10 } },
      "15": { "start": { "line": 16, "column": 0 }, "end": { "line": 16, "column": 22 } },
      "16": { "start": { "line": 17, "column": 0 }, "end": { "line": 17, "column": 22 } },
      "17": { "start": { "line": 18, "column": 0 }, "end": { "line": 18, "column": 37 } },
      "18": { "start": { "line": 19, "column": 0 }, "end": { "line": 19, "column": 74 } },
      "19": { "start": { "line": 20, "column": 0 }, "end": { "line": 20, "column": 27 } },
      "20": { "start": { "line": 21, "column": 0 }, "end": { "line": 21, "column": 46 } },
      "21": { "start": { "line": 22, "column": 0 }, "end": { "line": 22, "column": 10 } },
      "23": { "start": { "line": 24, "column": 0 }, "end": { "line": 24, "column": 66 } },
      "24": { "start": { "line": 25, "column": 0 }, "end": { "line": 25, "column": 64 } },
      "25": { "start": { "line": 26, "column": 0 }, "end": { "line": 26, "column": 13 } },
      "27": { "start": { "line": 28, "column": 0 }, "end": { "line": 28, "column": 46 } },
      "28": { "start": { "line": 29, "column": 0 }, "end": { "line": 29, "column": 22 } },
      "29": { "start": { "line": 30, "column": 0 }, "end": { "line": 30, "column": 63 } },
      "30": { "start": { "line": 31, "column": 0 }, "end": { "line": 31, "column": 27 } },
      "31": { "start": { "line": 32, "column": 0 }, "end": { "line": 32, "column": 22 } },
      "32": { "start": { "line": 33, "column": 0 }, "end": { "line": 33, "column": 80 } },
      "33": { "start": { "line": 34, "column": 0 }, "end": { "line": 34, "column": 65 } },
      "34": { "start": { "line": 35, "column": 0 }, "end": { "line": 35, "column": 20 } },
      "36": { "start": { "line": 37, "column": 0 }, "end": { "line": 37, "column": 45 } },
      "37": { "start": { "line": 38, "column": 0 }, "end": { "line": 38, "column": 22 } },
      "38": { "start": { "line": 39, "column": 0 }, "end": { "line": 39, "column": 95 } },
      "41": { "start": { "line": 42, "column": 0 }, "end": { "line": 42, "column": 67 } },
      "42": { "start": { "line": 43, "column": 0 }, "end": { "line": 43, "column": 12 } },
      "43": { "start": { "line": 44, "column": 0 }, "end": { "line": 44, "column": 27 } },
      "44": { "start": { "line": 45, "column": 0 }, "end": { "line": 45, "column": 12 } },
      "46": { "start": { "line": 47, "column": 0 }, "end": { "line": 47, "column": 3 } },
      "47": { "start": { "line": 48, "column": 0 }, "end": { "line": 48, "column": 1 } },
      "49": { "start": { "line": 50, "column": 0 }, "end": { "line": 50, "column": 23 } }
    },
    "s": {
      "0": 0,
      "2": 0,
      "4": 0,
      "6": 0,
      "7": 0,
      "9": 0,
      "10": 0,
      "11": 0,
      "13": 0,
      "14": 0,
      "15": 0,
      "16": 0,
      "17": 0,
      "18": 0,
      "19": 0,
      "20": 0,
      "21": 0,
      "23": 0,
      "24": 0,
      "25": 0,
      "27": 0,
      "28": 0,
      "29": 0,
      "30": 0,
      "31": 0,
      "32": 0,
      "33": 0,
      "34": 0,
      "36": 0,
      "37": 0,
      "38": 0,
      "41": 0,
      "42": 0,
      "43": 0,
      "44": 0,
      "46": 0,
      "47": 0,
      "49": 0
    },
    "branchMap": {
      "0": {
        "type": "branch",
        "line": 1,
        "loc": { "start": { "line": 1, "column": 1580 }, "end": { "line": 50, "column": 23 } },
        "locations": [
          { "start": { "line": 1, "column": 1580 }, "end": { "line": 50, "column": 23 } }
        ]
      }
    },
    "b": { "0": [0] },
    "fnMap": {
      "0": {
        "name": "(empty-report)",
        "decl": { "start": { "line": 1, "column": 1580 }, "end": { "line": 50, "column": 23 } },
        "loc": { "start": { "line": 1, "column": 1580 }, "end": { "line": 50, "column": 23 } },
        "line": 1
      }
    },
    "f": { "0": 0 }
  },
  "C:\\rs_school\\RS-React-App-2025Q3\\rs-react-app\\src\\features\\components\\characters\\CharacterItem.tsx": {
    "path": "C:\\rs_school\\RS-React-App-2025Q3\\rs-react-app\\src\\features\\components\\characters\\CharacterItem.tsx",
    "all": true,
    "statementMap": {
      "0": { "start": { "line": 1, "column": 0 }, "end": { "line": 1, "column": 34 } },
      "4": { "start": { "line": 5, "column": 0 }, "end": { "line": 5, "column": 59 } },
      "5": { "start": { "line": 6, "column": 0 }, "end": { "line": 6, "column": 12 } },
      "6": { "start": { "line": 7, "column": 0 }, "end": { "line": 7, "column": 76 } },
      "8": { "start": { "line": 9, "column": 0 }, "end": { "line": 9, "column": 12 } },
      "9": { "start": { "line": 10, "column": 0 }, "end": { "line": 10, "column": 92 } },
      "10": { "start": { "line": 11, "column": 0 }, "end": { "line": 11, "column": 99 } },
      "11": { "start": { "line": 12, "column": 0 }, "end": { "line": 12, "column": 44 } },
      "12": { "start": { "line": 13, "column": 0 }, "end": { "line": 13, "column": 87 } },
      "13": { "start": { "line": 14, "column": 0 }, "end": { "line": 14, "column": 88 } },
      "14": { "start": { "line": 15, "column": 0 }, "end": { "line": 15, "column": 89 } },
      "15": { "start": { "line": 16, "column": 0 }, "end": { "line": 16, "column": 98 } },
      "16": { "start": { "line": 17, "column": 0 }, "end": { "line": 17, "column": 14 } },
      "17": { "start": { "line": 18, "column": 0 }, "end": { "line": 18, "column": 12 } },
      "19": { "start": { "line": 20, "column": 0 }, "end": { "line": 20, "column": 3 } },
      "20": { "start": { "line": 21, "column": 0 }, "end": { "line": 21, "column": 1 } },
      "22": { "start": { "line": 23, "column": 0 }, "end": { "line": 23, "column": 29 } }
    },
    "s": {
      "0": 0,
      "4": 0,
      "5": 0,
      "6": 0,
      "8": 0,
      "9": 0,
      "10": 0,
      "11": 0,
      "12": 0,
      "13": 0,
      "14": 0,
      "15": 0,
      "16": 0,
      "17": 0,
      "19": 0,
      "20": 0,
      "22": 0
    },
    "branchMap": {
      "0": {
        "type": "branch",
        "line": 1,
        "loc": { "start": { "line": 1, "column": 941 }, "end": { "line": 23, "column": 29 } },
        "locations": [
          { "start": { "line": 1, "column": 941 }, "end": { "line": 23, "column": 29 } }
        ]
      }
    },
    "b": { "0": [0] },
    "fnMap": {
      "0": {
        "name": "(empty-report)",
        "decl": { "start": { "line": 1, "column": 941 }, "end": { "line": 23, "column": 29 } },
        "loc": { "start": { "line": 1, "column": 941 }, "end": { "line": 23, "column": 29 } },
        "line": 1
      }
    },
    "f": { "0": 0 }
  },
  "C:\\rs_school\\RS-React-App-2025Q3\\rs-react-app\\src\\features\\components\\characters\\CharacterItemSkeleton.tsx": {
    "path": "C:\\rs_school\\RS-React-App-2025Q3\\rs-react-app\\src\\features\\components\\characters\\CharacterItemSkeleton.tsx",
    "all": true,
    "statementMap": {
      "0": { "start": { "line": 1, "column": 0 }, "end": { "line": 1, "column": 34 } },
      "2": { "start": { "line": 3, "column": 0 }, "end": { "line": 3, "column": 43 } },
      "3": { "start": { "line": 4, "column": 0 }, "end": { "line": 4, "column": 12 } },
      "4": { "start": { "line": 5, "column": 0 }, "end": { "line": 5, "column": 12 } },
      "5": { "start": { "line": 6, "column": 0 }, "end": { "line": 6, "column": 106 } },
      "6": { "start": { "line": 7, "column": 0 }, "end": { "line": 7, "column": 78 } },
      "7": { "start": { "line": 8, "column": 0 }, "end": { "line": 8, "column": 61 } },
      "8": { "start": { "line": 9, "column": 0 }, "end": { "line": 9, "column": 63 } },
      "9": { "start": { "line": 10, "column": 0 }, "end": { "line": 10, "column": 63 } },
      "10": { "start": { "line": 11, "column": 0 }, "end": { "line": 11, "column": 63 } },
      "11": { "start": { "line": 12, "column": 0 }, "end": { "line": 12, "column": 63 } },
      "12": { "start": { "line": 13, "column": 0 }, "end": { "line": 13, "column": 14 } },
      "13": { "start": { "line": 14, "column": 0 }, "end": { "line": 14, "column": 12 } },
      "15": { "start": { "line": 16, "column": 0 }, "end": { "line": 16, "column": 3 } },
      "16": { "start": { "line": 17, "column": 0 }, "end": { "line": 17, "column": 1 } },
      "18": { "start": { "line": 19, "column": 0 }, "end": { "line": 19, "column": 33 } }
    },
    "s": {
      "0": 0,
      "2": 0,
      "3": 0,
      "4": 0,
      "5": 0,
      "6": 0,
      "7": 0,
      "8": 0,
      "9": 0,
      "10": 0,
      "11": 0,
      "12": 0,
      "13": 0,
      "15": 0,
      "16": 0,
      "18": 0
    },
    "branchMap": {
      "0": {
        "type": "branch",
        "line": 1,
        "loc": { "start": { "line": 1, "column": 685 }, "end": { "line": 19, "column": 33 } },
        "locations": [
          { "start": { "line": 1, "column": 685 }, "end": { "line": 19, "column": 33 } }
        ]
      }
    },
    "b": { "0": [0] },
    "fnMap": {
      "0": {
        "name": "(empty-report)",
        "decl": { "start": { "line": 1, "column": 685 }, "end": { "line": 19, "column": 33 } },
        "loc": { "start": { "line": 1, "column": 685 }, "end": { "line": 19, "column": 33 } },
        "line": 1
      }
    },
    "f": { "0": 0 }
  },
  "C:\\rs_school\\RS-React-App-2025Q3\\rs-react-app\\src\\features\\components\\characters\\CharacterList.tsx": {
    "path": "C:\\rs_school\\RS-React-App-2025Q3\\rs-react-app\\src\\features\\components\\characters\\CharacterList.tsx",
    "all": true,
    "statementMap": {
      "0": { "start": { "line": 1, "column": 0 }, "end": { "line": 1, "column": 34 } },
      "5": { "start": { "line": 6, "column": 0 }, "end": { "line": 6, "column": 44 } },
      "7": { "start": { "line": 8, "column": 0 }, "end": { "line": 8, "column": 61 } },
      "8": { "start": { "line": 9, "column": 0 }, "end": { "line": 9, "column": 12 } },
      "9": { "start": { "line": 10, "column": 0 }, "end": { "line": 10, "column": 38 } },
      "10": { "start": { "line": 11, "column": 0 }, "end": { "line": 11, "column": 12 } },
      "11": { "start": { "line": 12, "column": 0 }, "end": { "line": 12, "column": 82 } },
      "12": { "start": { "line": 13, "column": 0 }, "end": { "line": 13, "column": 46 } },
      "13": { "start": { "line": 14, "column": 0 }, "end": { "line": 14, "column": 28 } },
      "14": { "start": { "line": 15, "column": 0 }, "end": { "line": 15, "column": 46 } },
      "15": { "start": { "line": 16, "column": 0 }, "end": { "line": 16, "column": 15 } },
      "16": { "start": { "line": 17, "column": 0 }, "end": { "line": 17, "column": 11 } },
      "17": { "start": { "line": 18, "column": 0 }, "end": { "line": 18, "column": 11 } },
      "19": { "start": { "line": 20, "column": 0 }, "end": { "line": 20, "column": 3 } },
      "20": { "start": { "line": 21, "column": 0 }, "end": { "line": 21, "column": 1 } },
      "22": { "start": { "line": 23, "column": 0 }, "end": { "line": 23, "column": 30 } }
    },
    "s": {
      "0": 0,
      "5": 0,
      "7": 0,
      "8": 0,
      "9": 0,
      "10": 0,
      "11": 0,
      "12": 0,
      "13": 0,
      "14": 0,
      "15": 0,
      "16": 0,
      "17": 0,
      "19": 0,
      "20": 0,
      "22": 0
    },
    "branchMap": {
      "0": {
        "type": "branch",
        "line": 1,
        "loc": { "start": { "line": 1, "column": 621 }, "end": { "line": 23, "column": 30 } },
        "locations": [
          { "start": { "line": 1, "column": 621 }, "end": { "line": 23, "column": 30 } }
        ]
      }
    },
    "b": { "0": [0] },
    "fnMap": {
      "0": {
        "name": "(empty-report)",
        "decl": { "start": { "line": 1, "column": 621 }, "end": { "line": 23, "column": 30 } },
        "loc": { "start": { "line": 1, "column": 621 }, "end": { "line": 23, "column": 30 } },
        "line": 1
      }
    },
    "f": { "0": 0 }
  },
  "C:\\rs_school\\RS-React-App-2025Q3\\rs-react-app\\src\\features\\components\\characters\\CharacterListSkeleton.tsx": {
    "path": "C:\\rs_school\\RS-React-App-2025Q3\\rs-react-app\\src\\features\\components\\characters\\CharacterListSkeleton.tsx",
    "all": true,
    "statementMap": {
      "0": { "start": { "line": 1, "column": 0 }, "end": { "line": 1, "column": 34 } },
      "2": { "start": { "line": 3, "column": 0 }, "end": { "line": 3, "column": 65 } },
      "5": { "start": { "line": 6, "column": 0 }, "end": { "line": 6, "column": 56 } },
      "7": { "start": { "line": 8, "column": 0 }, "end": { "line": 8, "column": 83 } },
      "8": { "start": { "line": 9, "column": 0 }, "end": { "line": 9, "column": 30 } },
      "9": { "start": { "line": 10, "column": 0 }, "end": { "line": 10, "column": 17 } },
      "10": { "start": { "line": 11, "column": 0 }, "end": { "line": 11, "column": 18 } },
      "11": { "start": { "line": 12, "column": 0 }, "end": { "line": 12, "column": 45 } },
      "12": { "start": { "line": 13, "column": 0 }, "end": { "line": 13, "column": 6 } },
      "13": { "start": { "line": 14, "column": 0 }, "end": { "line": 14, "column": 3 } },
      "15": { "start": { "line": 16, "column": 0 }, "end": { "line": 16, "column": 28 } },
      "16": { "start": { "line": 17, "column": 0 }, "end": { "line": 17, "column": 87 } },
      "17": { "start": { "line": 18, "column": 0 }, "end": { "line": 18, "column": 4 } },
      "19": { "start": { "line": 20, "column": 0 }, "end": { "line": 20, "column": 24 } },
      "20": { "start": { "line": 21, "column": 0 }, "end": { "line": 21, "column": 45 } },
      "21": { "start": { "line": 22, "column": 0 }, "end": { "line": 22, "column": 48 } },
      "22": { "start": { "line": 23, "column": 0 }, "end": { "line": 23, "column": 49 } },
      "23": { "start": { "line": 24, "column": 0 }, "end": { "line": 24, "column": 5 } },
      "24": { "start": { "line": 25, "column": 0 }, "end": { "line": 25, "column": 4 } },
      "26": { "start": { "line": 27, "column": 0 }, "end": { "line": 27, "column": 23 } },
      "27": { "start": { "line": 28, "column": 0 }, "end": { "line": 28, "column": 57 } },
      "28": { "start": { "line": 29, "column": 0 }, "end": { "line": 29, "column": 3 } },
      "30": { "start": { "line": 31, "column": 0 }, "end": { "line": 31, "column": 26 } },
      "31": { "start": { "line": 32, "column": 0 }, "end": { "line": 32, "column": 60 } },
      "32": { "start": { "line": 33, "column": 0 }, "end": { "line": 33, "column": 3 } },
      "34": { "start": { "line": 35, "column": 0 }, "end": { "line": 35, "column": 12 } },
      "35": { "start": { "line": 36, "column": 0 }, "end": { "line": 36, "column": 43 } },
      "36": { "start": { "line": 37, "column": 0 }, "end": { "line": 37, "column": 25 } },
      "38": { "start": { "line": 39, "column": 0 }, "end": { "line": 39, "column": 37 } },
      "39": { "start": { "line": 40, "column": 0 }, "end": { "line": 40, "column": 21 } },
      "40": { "start": { "line": 41, "column": 0 }, "end": { "line": 41, "column": 20 } },
      "41": { "start": { "line": 42, "column": 0 }, "end": { "line": 42, "column": 31 } },
      "42": { "start": { "line": 43, "column": 0 }, "end": { "line": 43, "column": 13 } },
      "43": { "start": { "line": 44, "column": 0 }, "end": { "line": 44, "column": 8 } },
      "44": { "start": { "line": 45, "column": 0 }, "end": { "line": 45, "column": 5 } },
      "46": { "start": { "line": 47, "column": 0 }, "end": { "line": 47, "column": 12 } },
      "47": { "start": { "line": 48, "column": 0 }, "end": { "line": 48, "column": 98 } },
      "49": { "start": { "line": 50, "column": 0 }, "end": { "line": 50, "column": 3 } },
      "50": { "start": { "line": 51, "column": 0 }, "end": { "line": 51, "column": 1 } },
      "52": { "start": { "line": 53, "column": 0 }, "end": { "line": 53, "column": 37 } }
    },
    "s": {
      "0": 0,
      "2": 0,
      "5": 0,
      "7": 0,
      "8": 0,
      "9": 0,
      "10": 0,
      "11": 0,
      "12": 0,
      "13": 0,
      "15": 0,
      "16": 0,
      "17": 0,
      "19": 0,
      "20": 0,
      "21": 0,
      "22": 0,
      "23": 0,
      "24": 0,
      "26": 0,
      "27": 0,
      "28": 0,
      "30": 0,
      "31": 0,
      "32": 0,
      "34": 0,
      "35": 0,
      "36": 0,
      "38": 0,
      "39": 0,
      "40": 0,
      "41": 0,
      "42": 0,
      "43": 0,
      "44": 0,
      "46": 0,
      "47": 0,
      "49": 0,
      "50": 0,
      "52": 0
    },
    "branchMap": {
      "0": {
        "type": "branch",
        "line": 1,
        "loc": { "start": { "line": 1, "column": 1319 }, "end": { "line": 53, "column": 37 } },
        "locations": [
          { "start": { "line": 1, "column": 1319 }, "end": { "line": 53, "column": 37 } }
        ]
      }
    },
    "b": { "0": [0] },
    "fnMap": {
      "0": {
        "name": "(empty-report)",
        "decl": { "start": { "line": 1, "column": 1319 }, "end": { "line": 53, "column": 37 } },
        "loc": { "start": { "line": 1, "column": 1319 }, "end": { "line": 53, "column": 37 } },
        "line": 1
      }
    },
    "f": { "0": 0 }
  },
  "C:\\rs_school\\RS-React-App-2025Q3\\rs-react-app\\src\\features\\components\\errorHandling\\ErrorBoundary.tsx": {
    "path": "C:\\rs_school\\RS-React-App-2025Q3\\rs-react-app\\src\\features\\components\\errorHandling\\ErrorBoundary.tsx",
    "all": true,
    "statementMap": {
      "0": { "start": { "line": 1, "column": 0 }, "end": { "line": 1, "column": 45 } },
      "4": { "start": { "line": 5, "column": 0 }, "end": { "line": 5, "column": 29 } },
      "5": { "start": { "line": 6, "column": 0 }, "end": { "line": 6, "column": 15 } },
      "6": { "start": { "line": 7, "column": 0 }, "end": { "line": 7, "column": 25 } },
      "7": { "start": { "line": 8, "column": 0 }, "end": { "line": 8, "column": 28 } },
      "8": { "start": { "line": 9, "column": 0 }, "end": { "line": 9, "column": 9 } },
      "9": { "start": { "line": 10, "column": 0 }, "end": { "line": 10, "column": 39 } },
      "10": { "start": { "line": 11, "column": 0 }, "end": { "line": 11, "column": 40 } },
      "12": { "start": { "line": 13, "column": 0 }, "end": { "line": 13, "column": 19 } },
      "13": { "start": { "line": 14, "column": 0 }, "end": { "line": 14, "column": 43 } },
      "14": { "start": { "line": 15, "column": 0 }, "end": { "line": 15, "column": 3 } },
      "15": { "start": { "line": 16, "column": 0 }, "end": { "line": 16, "column": 1 } },
      "17": { "start": { "line": 18, "column": 0 }, "end": { "line": 18, "column": 79 } },
      "18": { "start": { "line": 19, "column": 0 }, "end": { "line": 19, "column": 42 } },
      "19": { "start": { "line": 20, "column": 0 }, "end": { "line": 20, "column": 17 } },
      "20": { "start": { "line": 21, "column": 0 }, "end": { "line": 21, "column": 37 } },
      "21": { "start": { "line": 22, "column": 0 }, "end": { "line": 22, "column": 3 } },
      "23": { "start": { "line": 24, "column": 0 }, "end": { "line": 24, "column": 69 } },
      "24": { "start": { "line": 25, "column": 0 }, "end": { "line": 25, "column": 37 } },
      "25": { "start": { "line": 26, "column": 0 }, "end": { "line": 26, "column": 3 } },
      "27": { "start": { "line": 28, "column": 0 }, "end": { "line": 28, "column": 52 } },
      "28": { "start": { "line": 29, "column": 0 }, "end": { "line": 29, "column": 58 } },
      "29": { "start": { "line": 30, "column": 0 }, "end": { "line": 30, "column": 3 } },
      "31": { "start": { "line": 32, "column": 0 }, "end": { "line": 32, "column": 12 } },
      "32": { "start": { "line": 33, "column": 0 }, "end": { "line": 33, "column": 30 } },
      "33": { "start": { "line": 34, "column": 0 }, "end": { "line": 34, "column": 33 } },
      "34": { "start": { "line": 35, "column": 0 }, "end": { "line": 35, "column": 5 } },
      "36": { "start": { "line": 37, "column": 0 }, "end": { "line": 37, "column": 31 } },
      "37": { "start": { "line": 38, "column": 0 }, "end": { "line": 38, "column": 3 } },
      "38": { "start": { "line": 39, "column": 0 }, "end": { "line": 39, "column": 1 } },
      "40": { "start": { "line": 41, "column": 0 }, "end": { "line": 41, "column": 29 } }
    },
    "s": {
      "0": 0,
      "4": 0,
      "5": 0,
      "6": 0,
      "7": 0,
      "8": 0,
      "9": 0,
      "10": 0,
      "12": 0,
      "13": 0,
      "14": 0,
      "15": 0,
      "17": 0,
      "18": 0,
      "19": 0,
      "20": 0,
      "21": 0,
      "23": 0,
      "24": 0,
      "25": 0,
      "27": 0,
      "28": 0,
      "29": 0,
      "31": 0,
      "32": 0,
      "33": 0,
      "34": 0,
      "36": 0,
      "37": 0,
      "38": 0,
      "40": 0
    },
    "branchMap": {
      "0": {
        "type": "branch",
        "line": 1,
        "loc": { "start": { "line": 1, "column": 1005 }, "end": { "line": 41, "column": 29 } },
        "locations": [
          { "start": { "line": 1, "column": 1005 }, "end": { "line": 41, "column": 29 } }
        ]
      }
    },
    "b": { "0": [0] },
    "fnMap": {
      "0": {
        "name": "(empty-report)",
        "decl": { "start": { "line": 1, "column": 1005 }, "end": { "line": 41, "column": 29 } },
        "loc": { "start": { "line": 1, "column": 1005 }, "end": { "line": 41, "column": 29 } },
        "line": 1
      }
    },
    "f": { "0": 0 }
  },
  "C:\\rs_school\\RS-React-App-2025Q3\\rs-react-app\\src\\features\\components\\errorHandling\\ErrorButton.tsx": {
    "path": "C:\\rs_school\\RS-React-App-2025Q3\\rs-react-app\\src\\features\\components\\errorHandling\\ErrorButton.tsx",
    "all": true,
    "statementMap": {
      "0": { "start": { "line": 1, "column": 0 }, "end": { "line": 1, "column": 34 } },
      "3": { "start": { "line": 4, "column": 0 }, "end": { "line": 4, "column": 34 } },
      "5": { "start": { "line": 6, "column": 0 }, "end": { "line": 6, "column": 63 } },
      "6": { "start": { "line": 7, "column": 0 }, "end": { "line": 7, "column": 30 } },
      "7": { "start": { "line": 8, "column": 0 }, "end": { "line": 8, "column": 17 } },
      "8": { "start": { "line": 9, "column": 0 }, "end": { "line": 9, "column": 40 } },
      "9": { "start": { "line": 10, "column": 0 }, "end": { "line": 10, "column": 3 } },
      "11": { "start": { "line": 12, "column": 0 }, "end": { "line": 12, "column": 23 } },
      "12": { "start": { "line": 13, "column": 0 }, "end": { "line": 13, "column": 41 } },
      "13": { "start": { "line": 14, "column": 0 }, "end": { "line": 14, "column": 4 } },
      "15": { "start": { "line": 16, "column": 0 }, "end": { "line": 16, "column": 12 } },
      "16": { "start": { "line": 17, "column": 0 }, "end": { "line": 17, "column": 33 } },
      "17": { "start": { "line": 18, "column": 0 }, "end": { "line": 18, "column": 55 } },
      "18": { "start": { "line": 19, "column": 0 }, "end": { "line": 19, "column": 5 } },
      "20": { "start": { "line": 21, "column": 0 }, "end": { "line": 21, "column": 12 } },
      "21": { "start": { "line": 22, "column": 0 }, "end": { "line": 22, "column": 13 } },
      "22": { "start": { "line": 23, "column": 0 }, "end": { "line": 23, "column": 34 } },
      "23": { "start": { "line": 24, "column": 0 }, "end": { "line": 24, "column": 22 } },
      "24": { "start": { "line": 25, "column": 0 }, "end": { "line": 25, "column": 93 } },
      "25": { "start": { "line": 26, "column": 0 }, "end": { "line": 26, "column": 27 } },
      "26": { "start": { "line": 27, "column": 0 }, "end": { "line": 27, "column": 50 } },
      "27": { "start": { "line": 28, "column": 0 }, "end": { "line": 28, "column": 42 } },
      "28": { "start": { "line": 29, "column": 0 }, "end": { "line": 29, "column": 58 } },
      "29": { "start": { "line": 30, "column": 0 }, "end": { "line": 30, "column": 58 } },
      "30": { "start": { "line": 31, "column": 0 }, "end": { "line": 31, "column": 10 } },
      "31": { "start": { "line": 32, "column": 0 }, "end": { "line": 32, "column": 7 } },
      "33": { "start": { "line": 34, "column": 0 }, "end": { "line": 34, "column": 15 } },
      "35": { "start": { "line": 36, "column": 0 }, "end": { "line": 36, "column": 3 } },
      "36": { "start": { "line": 37, "column": 0 }, "end": { "line": 37, "column": 1 } },
      "38": { "start": { "line": 39, "column": 0 }, "end": { "line": 39, "column": 27 } }
    },
    "s": {
      "0": 0,
      "3": 0,
      "5": 0,
      "6": 0,
      "7": 0,
      "8": 0,
      "9": 0,
      "11": 0,
      "12": 0,
      "13": 0,
      "15": 0,
      "16": 0,
      "17": 0,
      "18": 0,
      "20": 0,
      "21": 0,
      "22": 0,
      "23": 0,
      "24": 0,
      "25": 0,
      "26": 0,
      "27": 0,
      "28": 0,
      "29": 0,
      "30": 0,
      "31": 0,
      "33": 0,
      "35": 0,
      "36": 0,
      "38": 0
    },
    "branchMap": {
      "0": {
        "type": "branch",
        "line": 1,
        "loc": { "start": { "line": 1, "column": 1010 }, "end": { "line": 39, "column": 27 } },
        "locations": [
          { "start": { "line": 1, "column": 1010 }, "end": { "line": 39, "column": 27 } }
        ]
      }
    },
    "b": { "0": [0] },
    "fnMap": {
      "0": {
        "name": "(empty-report)",
        "decl": { "start": { "line": 1, "column": 1010 }, "end": { "line": 39, "column": 27 } },
        "loc": { "start": { "line": 1, "column": 1010 }, "end": { "line": 39, "column": 27 } },
        "line": 1
      }
    },
    "f": { "0": 0 }
  },
  "C:\\rs_school\\RS-React-App-2025Q3\\rs-react-app\\src\\features\\components\\errorHandling\\Fallback.tsx": {
    "path": "C:\\rs_school\\RS-React-App-2025Q3\\rs-react-app\\src\\features\\components\\errorHandling\\Fallback.tsx",
    "all": true,
    "statementMap": {
      "0": { "start": { "line": 1, "column": 0 }, "end": { "line": 1, "column": 34 } },
      "2": { "start": { "line": 3, "column": 0 }, "end": { "line": 3, "column": 21 } },
      "3": { "start": { "line": 4, "column": 0 }, "end": { "line": 4, "column": 10 } },
      "4": { "start": { "line": 5, "column": 0 }, "end": { "line": 5, "column": 8 } },
      "5": { "start": { "line": 6, "column": 0 }, "end": { "line": 6, "column": 20 } },
      "6": { "start": { "line": 7, "column": 0 }, "end": { "line": 7, "column": 20 } },
      "7": { "start": { "line": 8, "column": 0 }, "end": { "line": 8, "column": 36 } },
      "8": { "start": { "line": 9, "column": 0 }, "end": { "line": 9, "column": 75 } },
      "9": { "start": { "line": 10, "column": 0 }, "end": { "line": 10, "column": 33 } },
      "10": { "start": { "line": 11, "column": 0 }, "end": { "line": 11, "column": 45 } },
      "11": { "start": { "line": 12, "column": 0 }, "end": { "line": 12, "column": 56 } },
      "12": { "start": { "line": 13, "column": 0 }, "end": { "line": 13, "column": 8 } },
      "14": { "start": { "line": 15, "column": 0 }, "end": { "line": 15, "column": 95 } },
      "15": { "start": { "line": 16, "column": 0 }, "end": { "line": 16, "column": 58 } },
      "17": { "start": { "line": 18, "column": 0 }, "end": { "line": 18, "column": 10 } },
      "18": { "start": { "line": 19, "column": 0 }, "end": { "line": 19, "column": 13 } },
      "19": { "start": { "line": 20, "column": 0 }, "end": { "line": 20, "column": 22 } },
      "20": { "start": { "line": 21, "column": 0 }, "end": { "line": 21, "column": 64 } },
      "21": { "start": { "line": 22, "column": 0 }, "end": { "line": 22, "column": 27 } },
      "22": { "start": { "line": 23, "column": 0 }, "end": { "line": 23, "column": 50 } },
      "23": { "start": { "line": 24, "column": 0 }, "end": { "line": 24, "column": 29 } },
      "24": { "start": { "line": 25, "column": 0 }, "end": { "line": 25, "column": 50 } },
      "25": { "start": { "line": 26, "column": 0 }, "end": { "line": 26, "column": 58 } },
      "26": { "start": { "line": 27, "column": 0 }, "end": { "line": 27, "column": 59 } },
      "27": { "start": { "line": 28, "column": 0 }, "end": { "line": 28, "column": 10 } },
      "28": { "start": { "line": 29, "column": 0 }, "end": { "line": 29, "column": 48 } },
      "29": { "start": { "line": 30, "column": 0 }, "end": { "line": 30, "column": 7 } },
      "31": { "start": { "line": 32, "column": 0 }, "end": { "line": 32, "column": 15 } },
      "32": { "start": { "line": 33, "column": 0 }, "end": { "line": 33, "column": 10 } },
      "34": { "start": { "line": 35, "column": 0 }, "end": { "line": 35, "column": 1 } },
      "36": { "start": { "line": 37, "column": 0 }, "end": { "line": 37, "column": 24 } }
    },
    "s": {
      "0": 0,
      "2": 0,
      "3": 0,
      "4": 0,
      "5": 0,
      "6": 0,
      "7": 0,
      "8": 0,
      "9": 0,
      "10": 0,
      "11": 0,
      "12": 0,
      "14": 0,
      "15": 0,
      "17": 0,
      "18": 0,
      "19": 0,
      "20": 0,
      "21": 0,
      "22": 0,
      "23": 0,
      "24": 0,
      "25": 0,
      "26": 0,
      "27": 0,
      "28": 0,
      "29": 0,
      "31": 0,
      "32": 0,
      "34": 0,
      "36": 0
    },
    "branchMap": {
      "0": {
        "type": "branch",
        "line": 1,
        "loc": { "start": { "line": 1, "column": 1133 }, "end": { "line": 37, "column": 24 } },
        "locations": [
          { "start": { "line": 1, "column": 1133 }, "end": { "line": 37, "column": 24 } }
        ]
      }
    },
    "b": { "0": [0] },
    "fnMap": {
      "0": {
        "name": "(empty-report)",
        "decl": { "start": { "line": 1, "column": 1133 }, "end": { "line": 37, "column": 24 } },
        "loc": { "start": { "line": 1, "column": 1133 }, "end": { "line": 37, "column": 24 } },
        "line": 1
      }
    },
    "f": { "0": 0 }
  },
  "C:\\rs_school\\RS-React-App-2025Q3\\rs-react-app\\src\\features\\components\\fetcher\\characterFetcher.tsx": {
    "path": "C:\\rs_school\\RS-React-App-2025Q3\\rs-react-app\\src\\features\\components\\fetcher\\characterFetcher.tsx",
    "all": true,
    "statementMap": {
      "0": { "start": { "line": 1, "column": 0 }, "end": { "line": 1, "column": 34 } },
      "2": { "start": { "line": 3, "column": 0 }, "end": { "line": 3, "column": 68 } },
      "6": { "start": { "line": 7, "column": 0 }, "end": { "line": 7, "column": 88 } },
      "7": { "start": { "line": 8, "column": 0 }, "end": { "line": 8, "column": 45 } },
      "8": { "start": { "line": 9, "column": 0 }, "end": { "line": 9, "column": 17 } },
      "9": { "start": { "line": 10, "column": 0 }, "end": { "line": 10, "column": 18 } },
      "10": { "start": { "line": 11, "column": 0 }, "end": { "line": 11, "column": 21 } },
      "11": { "start": { "line": 12, "column": 0 }, "end": { "line": 12, "column": 18 } },
      "12": { "start": { "line": 13, "column": 0 }, "end": { "line": 13, "column": 21 } },
      "13": { "start": { "line": 14, "column": 0 }, "end": { "line": 14, "column": 6 } },
      "14": { "start": { "line": 15, "column": 0 }, "end": { "line": 15, "column": 3 } },
      "16": { "start": { "line": 17, "column": 0 }, "end": { "line": 17, "column": 23 } },
      "17": { "start": { "line": 18, "column": 0 }, "end": { "line": 18, "column": 21 } },
      "18": { "start": { "line": 19, "column": 0 }, "end": { "line": 19, "column": 3 } },
      "20": { "start": { "line": 21, "column": 0 }, "end": { "line": 21, "column": 56 } },
      "21": { "start": { "line": 22, "column": 0 }, "end": { "line": 22, "column": 47 } },
      "22": { "start": { "line": 23, "column": 0 }, "end": { "line": 23, "column": 23 } },
      "23": { "start": { "line": 24, "column": 0 }, "end": { "line": 24, "column": 5 } },
      "24": { "start": { "line": 25, "column": 0 }, "end": { "line": 25, "column": 3 } },
      "26": { "start": { "line": 27, "column": 0 }, "end": { "line": 27, "column": 16 } },
      "27": { "start": { "line": 28, "column": 0 }, "end": { "line": 28, "column": 50 } },
      "29": { "start": { "line": 30, "column": 0 }, "end": { "line": 30, "column": 9 } },
      "30": { "start": { "line": 31, "column": 0 }, "end": { "line": 31, "column": 71 } },
      "31": { "start": { "line": 32, "column": 0 }, "end": { "line": 32, "column": 52 } },
      "32": { "start": { "line": 33, "column": 0 }, "end": { "line": 33, "column": 21 } },
      "33": { "start": { "line": 34, "column": 0 }, "end": { "line": 34, "column": 99 } },
      "34": { "start": { "line": 35, "column": 0 }, "end": { "line": 35, "column": 68 } },
      "35": { "start": { "line": 36, "column": 0 }, "end": { "line": 36, "column": 14 } },
      "36": { "start": { "line": 37, "column": 0 }, "end": { "line": 37, "column": 23 } },
      "37": { "start": { "line": 38, "column": 0 }, "end": { "line": 38, "column": 60 } },
      "38": { "start": { "line": 39, "column": 0 }, "end": { "line": 39, "column": 25 } },
      "39": { "start": { "line": 40, "column": 0 }, "end": { "line": 40, "column": 11 } },
      "40": { "start": { "line": 41, "column": 0 }, "end": { "line": 41, "column": 7 } },
      "41": { "start": { "line": 42, "column": 0 }, "end": { "line": 42, "column": 5 } },
      "42": { "start": { "line": 43, "column": 0 }, "end": { "line": 43, "column": 3 } },
      "44": { "start": { "line": 45, "column": 0 }, "end": { "line": 45, "column": 12 } },
      "45": { "start": { "line": 46, "column": 0 }, "end": { "line": 46, "column": 32 } },
      "46": { "start": { "line": 47, "column": 0 }, "end": { "line": 47, "column": 34 } },
      "47": { "start": { "line": 48, "column": 0 }, "end": { "line": 48, "column": 30 } },
      "48": { "start": { "line": 49, "column": 0 }, "end": { "line": 49, "column": 40 } },
      "49": { "start": { "line": 50, "column": 0 }, "end": { "line": 50, "column": 7 } },
      "50": { "start": { "line": 51, "column": 0 }, "end": { "line": 51, "column": 3 } },
      "51": { "start": { "line": 52, "column": 0 }, "end": { "line": 52, "column": 1 } },
      "53": { "start": { "line": 54, "column": 0 }, "end": { "line": 54, "column": 32 } }
    },
    "s": {
      "0": 0,
      "2": 0,
      "6": 0,
      "7": 0,
      "8": 0,
      "9": 0,
      "10": 0,
      "11": 0,
      "12": 0,
      "13": 0,
      "14": 0,
      "16": 0,
      "17": 0,
      "18": 0,
      "20": 0,
      "21": 0,
      "22": 0,
      "23": 0,
      "24": 0,
      "26": 0,
      "27": 0,
      "29": 0,
      "30": 0,
      "31": 0,
      "32": 0,
      "33": 0,
      "34": 0,
      "35": 0,
      "36": 0,
      "37": 0,
      "38": 0,
      "39": 0,
      "40": 0,
      "41": 0,
      "42": 0,
      "44": 0,
      "45": 0,
      "46": 0,
      "47": 0,
      "48": 0,
      "49": 0,
      "50": 0,
      "51": 0,
      "53": 0
    },
    "branchMap": {
      "0": {
        "type": "branch",
        "line": 1,
        "loc": { "start": { "line": 1, "column": 1444 }, "end": { "line": 54, "column": 32 } },
        "locations": [
          { "start": { "line": 1, "column": 1444 }, "end": { "line": 54, "column": 32 } }
        ]
      }
    },
    "b": { "0": [0] },
    "fnMap": {
      "0": {
        "name": "(empty-report)",
        "decl": { "start": { "line": 1, "column": 1444 }, "end": { "line": 54, "column": 32 } },
        "loc": { "start": { "line": 1, "column": 1444 }, "end": { "line": 54, "column": 32 } },
        "line": 1
      }
    },
    "f": { "0": 0 }
  },
  "C:\\rs_school\\RS-React-App-2025Q3\\rs-react-app\\src\\features\\components\\search\\Search.tsx": {
    "path": "C:\\rs_school\\RS-React-App-2025Q3\\rs-react-app\\src\\features\\components\\search\\Search.tsx",
    "all": true,
    "statementMap": {
      "0": { "start": { "line": 1, "column": 0 }, "end": { "line": 1, "column": 47 } },
      "4": { "start": { "line": 5, "column": 0 }, "end": { "line": 5, "column": 42 } },
      "5": { "start": { "line": 6, "column": 0 }, "end": { "line": 6, "column": 40 } },
      "7": { "start": { "line": 8, "column": 0 }, "end": { "line": 8, "column": 58 } },
      "8": { "start": { "line": 9, "column": 0 }, "end": { "line": 9, "column": 35 } },
      "9": { "start": { "line": 10, "column": 0 }, "end": { "line": 10, "column": 17 } },
      "10": { "start": { "line": 11, "column": 0 }, "end": { "line": 11, "column": 65 } },
      "11": { "start": { "line": 12, "column": 0 }, "end": { "line": 12, "column": 39 } },
      "12": { "start": { "line": 13, "column": 0 }, "end": { "line": 13, "column": 3 } },
      "14": { "start": { "line": 15, "column": 0 }, "end": { "line": 15, "column": 65 } },
      "15": { "start": { "line": 16, "column": 0 }, "end": { "line": 16, "column": 49 } },
      "16": { "start": { "line": 17, "column": 0 }, "end": { "line": 17, "column": 4 } },
      "18": { "start": { "line": 19, "column": 0 }, "end": { "line": 19, "column": 24 } },
      "19": { "start": { "line": 20, "column": 0 }, "end": { "line": 20, "column": 44 } },
      "20": { "start": { "line": 21, "column": 0 }, "end": { "line": 21, "column": 49 } },
      "21": { "start": { "line": 22, "column": 0 }, "end": { "line": 22, "column": 33 } },
      "22": { "start": { "line": 23, "column": 0 }, "end": { "line": 23, "column": 4 } },
      "24": { "start": { "line": 25, "column": 0 }, "end": { "line": 25, "column": 12 } },
      "25": { "start": { "line": 26, "column": 0 }, "end": { "line": 26, "column": 12 } },
      "26": { "start": { "line": 27, "column": 0 }, "end": { "line": 27, "column": 11 } },
      "27": { "start": { "line": 28, "column": 0 }, "end": { "line": 28, "column": 26 } },
      "28": { "start": { "line": 29, "column": 0 }, "end": { "line": 29, "column": 29 } },
      "29": { "start": { "line": 30, "column": 0 }, "end": { "line": 30, "column": 30 } },
      "30": { "start": { "line": 31, "column": 0 }, "end": { "line": 31, "column": 10 } },
      "31": { "start": { "line": 32, "column": 0 }, "end": { "line": 32, "column": 81 } },
      "33": { "start": { "line": 34, "column": 0 }, "end": { "line": 34, "column": 82 } },
      "34": { "start": { "line": 35, "column": 0 }, "end": { "line": 35, "column": 52 } },
      "35": { "start": { "line": 36, "column": 0 }, "end": { "line": 36, "column": 13 } },
      "37": { "start": { "line": 38, "column": 0 }, "end": { "line": 38, "column": 3 } },
      "38": { "start": { "line": 39, "column": 0 }, "end": { "line": 39, "column": 1 } },
      "40": { "start": { "line": 41, "column": 0 }, "end": { "line": 41, "column": 22 } }
    },
    "s": {
      "0": 0,
      "4": 0,
      "5": 0,
      "7": 0,
      "8": 0,
      "9": 0,
      "10": 0,
      "11": 0,
      "12": 0,
      "14": 0,
      "15": 0,
      "16": 0,
      "18": 0,
      "19": 0,
      "20": 0,
      "21": 0,
      "22": 0,
      "24": 0,
      "25": 0,
      "26": 0,
      "27": 0,
      "28": 0,
      "29": 0,
      "30": 0,
      "31": 0,
      "33": 0,
      "34": 0,
      "35": 0,
      "37": 0,
      "38": 0,
      "40": 0
    },
    "branchMap": {
      "0": {
        "type": "branch",
        "line": 1,
        "loc": { "start": { "line": 1, "column": 1127 }, "end": { "line": 41, "column": 22 } },
        "locations": [
          { "start": { "line": 1, "column": 1127 }, "end": { "line": 41, "column": 22 } }
        ]
      }
    },
    "b": { "0": [0] },
    "fnMap": {
      "0": {
        "name": "(empty-report)",
        "decl": { "start": { "line": 1, "column": 1127 }, "end": { "line": 41, "column": 22 } },
        "loc": { "start": { "line": 1, "column": 1127 }, "end": { "line": 41, "column": 22 } },
        "line": 1
      }
    },
    "f": { "0": 0 }
  },
  "C:\\rs_school\\RS-React-App-2025Q3\\rs-react-app\\src\\features\\components\\search\\SearchButton.tsx": {
    "path": "C:\\rs_school\\RS-React-App-2025Q3\\rs-react-app\\src\\features\\components\\search\\SearchButton.tsx",
    "all": true,
    "statementMap": {
      "0": { "start": { "line": 1, "column": 0 }, "end": { "line": 1, "column": 38 } },
      "1": { "start": { "line": 2, "column": 0 }, "end": { "line": 2, "column": 34 } },
      "4": { "start": { "line": 5, "column": 0 }, "end": { "line": 5, "column": 34 } },
      "6": { "start": { "line": 7, "column": 0 }, "end": { "line": 7, "column": 57 } },
      "7": { "start": { "line": 8, "column": 0 }, "end": { "line": 8, "column": 12 } },
      "8": { "start": { "line": 9, "column": 0 }, "end": { "line": 9, "column": 12 } },
      "9": { "start": { "line": 10, "column": 0 }, "end": { "line": 10, "column": 13 } },
      "10": { "start": { "line": 11, "column": 0 }, "end": { "line": 11, "column": 21 } },
      "11": { "start": { "line": 12, "column": 0 }, "end": { "line": 12, "column": 36 } },
      "12": { "start": { "line": 13, "column": 0 }, "end": { "line": 13, "column": 22 } },
      "13": { "start": { "line": 14, "column": 0 }, "end": { "line": 14, "column": 98 } },
      "14": { "start": { "line": 15, "column": 0 }, "end": { "line": 15, "column": 27 } },
      "15": { "start": { "line": 16, "column": 0 }, "end": { "line": 16, "column": 49 } },
      "16": { "start": { "line": 17, "column": 0 }, "end": { "line": 17, "column": 58 } },
      "17": { "start": { "line": 18, "column": 0 }, "end": { "line": 18, "column": 42 } },
      "18": { "start": { "line": 19, "column": 0 }, "end": { "line": 19, "column": 64 } },
      "19": { "start": { "line": 20, "column": 0 }, "end": { "line": 20, "column": 29 } },
      "20": { "start": { "line": 21, "column": 0 }, "end": { "line": 21, "column": 10 } },
      "22": { "start": { "line": 23, "column": 0 }, "end": { "line": 23, "column": 37 } },
      "24": { "start": { "line": 25, "column": 0 }, "end": { "line": 25, "column": 15 } },
      "26": { "start": { "line": 27, "column": 0 }, "end": { "line": 27, "column": 3 } },
      "27": { "start": { "line": 28, "column": 0 }, "end": { "line": 28, "column": 1 } },
      "29": { "start": { "line": 30, "column": 0 }, "end": { "line": 30, "column": 28 } }
    },
    "s": {
      "0": 0,
      "1": 0,
      "4": 0,
      "6": 0,
      "7": 0,
      "8": 0,
      "9": 0,
      "10": 0,
      "11": 0,
      "12": 0,
      "13": 0,
      "14": 0,
      "15": 0,
      "16": 0,
      "17": 0,
      "18": 0,
      "19": 0,
      "20": 0,
      "22": 0,
      "24": 0,
      "26": 0,
      "27": 0,
      "29": 0
    },
    "branchMap": {
      "0": {
        "type": "branch",
        "line": 1,
        "loc": { "start": { "line": 1, "column": 872 }, "end": { "line": 30, "column": 28 } },
        "locations": [
          { "start": { "line": 1, "column": 872 }, "end": { "line": 30, "column": 28 } }
        ]
      }
    },
    "b": { "0": [0] },
    "fnMap": {
      "0": {
        "name": "(empty-report)",
        "decl": { "start": { "line": 1, "column": 872 }, "end": { "line": 30, "column": 28 } },
        "loc": { "start": { "line": 1, "column": 872 }, "end": { "line": 30, "column": 28 } },
        "line": 1
      }
    },
    "f": { "0": 0 }
  },
  "C:\\rs_school\\RS-React-App-2025Q3\\rs-react-app\\src\\features\\components\\search\\SearchInput.tsx": {
    "path": "C:\\rs_school\\RS-React-App-2025Q3\\rs-react-app\\src\\features\\components\\search\\SearchInput.tsx",
    "all": true,
    "statementMap": {
      "0": { "start": { "line": 1, "column": 0 }, "end": { "line": 1, "column": 34 } },
      "3": { "start": { "line": 4, "column": 0 }, "end": { "line": 4, "column": 34 } },
      "5": { "start": { "line": 6, "column": 0 }, "end": { "line": 6, "column": 55 } },
      "6": { "start": { "line": 7, "column": 0 }, "end": { "line": 7, "column": 12 } },
      "7": { "start": { "line": 8, "column": 0 }, "end": { "line": 8, "column": 12 } },
      "8": { "start": { "line": 9, "column": 0 }, "end": { "line": 9, "column": 12 } },
      "9": { "start": { "line": 10, "column": 0 }, "end": { "line": 10, "column": 21 } },
      "10": { "start": { "line": 11, "column": 0 }, "end": { "line": 11, "column": 26 } },
      "11": { "start": { "line": 12, "column": 0 }, "end": { "line": 12, "column": 32 } },
      "12": { "start": { "line": 13, "column": 0 }, "end": { "line": 13, "column": 38 } },
      "13": { "start": { "line": 14, "column": 0 }, "end": { "line": 14, "column": 58 } },
      "14": { "start": { "line": 15, "column": 0 }, "end": { "line": 15, "column": 22 } },
      "15": { "start": { "line": 16, "column": 0 }, "end": { "line": 16, "column": 94 } },
      "16": { "start": { "line": 17, "column": 0 }, "end": { "line": 17, "column": 62 } },
      "17": { "start": { "line": 18, "column": 0 }, "end": { "line": 18, "column": 42 } },
      "18": { "start": { "line": 19, "column": 0 }, "end": { "line": 19, "column": 58 } },
      "19": { "start": { "line": 20, "column": 0 }, "end": { "line": 20, "column": 50 } },
      "20": { "start": { "line": 21, "column": 0 }, "end": { "line": 21, "column": 63 } },
      "21": { "start": { "line": 22, "column": 0 }, "end": { "line": 22, "column": 10 } },
      "22": { "start": { "line": 23, "column": 0 }, "end": { "line": 23, "column": 8 } },
      "24": { "start": { "line": 25, "column": 0 }, "end": { "line": 25, "column": 3 } },
      "25": { "start": { "line": 26, "column": 0 }, "end": { "line": 26, "column": 1 } },
      "27": { "start": { "line": 28, "column": 0 }, "end": { "line": 28, "column": 27 } }
    },
    "s": {
      "0": 0,
      "3": 0,
      "5": 0,
      "6": 0,
      "7": 0,
      "8": 0,
      "9": 0,
      "10": 0,
      "11": 0,
      "12": 0,
      "13": 0,
      "14": 0,
      "15": 0,
      "16": 0,
      "17": 0,
      "18": 0,
      "19": 0,
      "20": 0,
      "21": 0,
      "22": 0,
      "24": 0,
      "25": 0,
      "27": 0
    },
    "branchMap": {
      "0": {
        "type": "branch",
        "line": 1,
        "loc": { "start": { "line": 1, "column": 871 }, "end": { "line": 28, "column": 27 } },
        "locations": [
          { "start": { "line": 1, "column": 871 }, "end": { "line": 28, "column": 27 } }
        ]
      }
    },
    "b": { "0": [0] },
    "fnMap": {
      "0": {
        "name": "(empty-report)",
        "decl": { "start": { "line": 1, "column": 871 }, "end": { "line": 28, "column": 27 } },
        "loc": { "start": { "line": 1, "column": 871 }, "end": { "line": 28, "column": 27 } },
        "line": 1
      }
    },
    "f": { "0": 0 }
  },
  "C:\\rs_school\\RS-React-App-2025Q3\\rs-react-app\\src\\features\\types\\apiTypes.ts": {
    "path": "C:\\rs_school\\RS-React-App-2025Q3\\rs-react-app\\src\\features\\types\\apiTypes.ts",
    "all": true,
    "statementMap": {},
    "s": {},
    "branchMap": {
      "0": {
        "type": "branch",
        "line": 1,
        "loc": { "start": { "line": 1, "column": 513 }, "end": { "line": 34, "column": 2 } },
        "locations": [{ "start": { "line": 1, "column": 513 }, "end": { "line": 34, "column": 2 } }]
      }
    },
    "b": { "0": [1] },
    "fnMap": {
      "0": {
        "name": "(empty-report)",
        "decl": { "start": { "line": 1, "column": 513 }, "end": { "line": 34, "column": 2 } },
        "loc": { "start": { "line": 1, "column": 513 }, "end": { "line": 34, "column": 2 } },
        "line": 1
      }
    },
    "f": { "0": 1 }
  },
  "C:\\rs_school\\RS-React-App-2025Q3\\rs-react-app\\src\\features\\types\\errorTypes.ts": {
    "path": "C:\\rs_school\\RS-React-App-2025Q3\\rs-react-app\\src\\features\\types\\errorTypes.ts",
    "all": true,
    "statementMap": {},
    "s": {},
    "branchMap": {
      "0": {
        "type": "branch",
        "line": 1,
        "loc": { "start": { "line": 1, "column": 263 }, "end": { "line": 15, "column": 1 } },
        "locations": [{ "start": { "line": 1, "column": 263 }, "end": { "line": 15, "column": 1 } }]
      }
    },
    "b": { "0": [1] },
    "fnMap": {
      "0": {
        "name": "(empty-report)",
        "decl": { "start": { "line": 1, "column": 263 }, "end": { "line": 15, "column": 1 } },
        "loc": { "start": { "line": 1, "column": 263 }, "end": { "line": 15, "column": 1 } },
        "line": 1
      }
    },
    "f": { "0": 1 }
  },
  "C:\\rs_school\\RS-React-App-2025Q3\\rs-react-app\\src\\features\\types\\fetcherTypes.ts": {
    "path": "C:\\rs_school\\RS-React-App-2025Q3\\rs-react-app\\src\\features\\types\\fetcherTypes.ts",
    "all": true,
    "statementMap": {},
    "s": {},
    "branchMap": {
      "0": {
        "type": "branch",
        "line": 1,
        "loc": { "start": { "line": 1, "column": 378 }, "end": { "line": 18, "column": 2 } },
        "locations": [{ "start": { "line": 1, "column": 378 }, "end": { "line": 18, "column": 2 } }]
      }
    },
    "b": { "0": [1] },
    "fnMap": {
      "0": {
        "name": "(empty-report)",
        "decl": { "start": { "line": 1, "column": 378 }, "end": { "line": 18, "column": 2 } },
        "loc": { "start": { "line": 1, "column": 378 }, "end": { "line": 18, "column": 2 } },
        "line": 1
      }
    },
    "f": { "0": 1 }
  },
  "C:\\rs_school\\RS-React-App-2025Q3\\rs-react-app\\src\\features\\types\\searchTypes.ts": {
    "path": "C:\\rs_school\\RS-React-App-2025Q3\\rs-react-app\\src\\features\\types\\searchTypes.ts",
    "all": true,
    "statementMap": {},
    "s": {},
    "branchMap": {
      "0": {
        "type": "branch",
        "line": 1,
        "loc": { "start": { "line": 1, "column": 395 }, "end": { "line": 22, "column": 1 } },
        "locations": [{ "start": { "line": 1, "column": 395 }, "end": { "line": 22, "column": 1 } }]
      }
    },
    "b": { "0": [1] },
    "fnMap": {
      "0": {
        "name": "(empty-report)",
        "decl": { "start": { "line": 1, "column": 395 }, "end": { "line": 22, "column": 1 } },
        "loc": { "start": { "line": 1, "column": 395 }, "end": { "line": 22, "column": 1 } },
        "line": 1
      }
    },
    "f": { "0": 1 }
  },
  "C:\\rs_school\\RS-React-App-2025Q3\\rs-react-app\\src\\features\\types\\viewTypes.ts": {
    "path": "C:\\rs_school\\RS-React-App-2025Q3\\rs-react-app\\src\\features\\types\\viewTypes.ts",
    "all": true,
    "statementMap": {},
    "s": {},
    "branchMap": {
      "0": {
        "type": "branch",
        "line": 1,
        "loc": { "start": { "line": 1, "column": 247 }, "end": { "line": 13, "column": 1 } },
        "locations": [{ "start": { "line": 1, "column": 247 }, "end": { "line": 13, "column": 1 } }]
      }
    },
    "b": { "0": [1] },
    "fnMap": {
      "0": {
        "name": "(empty-report)",
        "decl": { "start": { "line": 1, "column": 247 }, "end": { "line": 13, "column": 1 } },
        "loc": { "start": { "line": 1, "column": 247 }, "end": { "line": 13, "column": 1 } },
        "line": 1
      }
    },
    "f": { "0": 1 }
  },
  "C:\\rs_school\\RS-React-App-2025Q3\\rs-react-app\\src\\libs\\utils.ts": {
    "path": "C:\\rs_school\\RS-React-App-2025Q3\\rs-react-app\\src\\libs\\utils.ts",
    "all": true,
    "statementMap": {
      "0": { "start": { "line": 1, "column": 0 }, "end": { "line": 1, "column": 45 } },
      "1": { "start": { "line": 2, "column": 0 }, "end": { "line": 2, "column": 41 } },
      "3": { "start": { "line": 4, "column": 0 }, "end": { "line": 4, "column": 45 } },
      "4": { "start": { "line": 5, "column": 0 }, "end": { "line": 5, "column": 31 } },
      "5": { "start": { "line": 6, "column": 0 }, "end": { "line": 6, "column": 1 } }
    },
    "s": { "0": 0, "1": 0, "3": 0, "4": 0, "5": 0 },
    "branchMap": {
      "0": {
        "type": "branch",
        "line": 1,
        "loc": { "start": { "line": 1, "column": 168 }, "end": { "line": 6, "column": 1 } },
        "locations": [{ "start": { "line": 1, "column": 168 }, "end": { "line": 6, "column": 1 } }]
      }
    },
    "b": { "0": [0] },
    "fnMap": {
      "0": {
        "name": "(empty-report)",
        "decl": { "start": { "line": 1, "column": 168 }, "end": { "line": 6, "column": 1 } },
        "loc": { "start": { "line": 1, "column": 168 }, "end": { "line": 6, "column": 1 } },
        "line": 1
      }
    },
    "f": { "0": 0 }
  }
}
